<?xml version="1.0" encoding="UTF-8"?>
<testsuite xmlns:xsi="http://www.w3.org/2001/XMLSchema-instance" xsi:noNamespaceSchemaLocation="https://maven.apache.org/surefire/maven-failsafe-plugin/xsd/failsafe-test-report-3.0.xsd" version="3.0" name="testRunners.MyTestRunner" time="130.081" tests="4" errors="1" skipped="0" failures="0">
  <properties>
    <property name="sun.desktop" value="windows"/>
    <property name="awt.toolkit" value="sun.awt.windows.WToolkit"/>
    <property name="file.encoding.pkg" value="sun.io"/>
    <property name="java.specification.version" value="1.8"/>
    <property name="sun.cpu.isalist" value="amd64"/>
    <property name="sun.jnu.encoding" value="Cp1252"/>
    <property name="java.class.path" value="C:\Automation\Practice\ANZProjectPOC\target\test-classes;C:\Automation\Practice\ANZProjectPOC\target\ANZProjectPOC-0.0.1-SNAPSHOT.jar;C:\Users\asingha007\.m2\repository\io\cucumber\cucumber-java\6.10.2\cucumber-java-6.10.2.jar;C:\Users\asingha007\.m2\repository\io\cucumber\cucumber-core\6.10.2\cucumber-core-6.10.2.jar;C:\Users\asingha007\.m2\repository\io\cucumber\cucumber-gherkin\6.10.2\cucumber-gherkin-6.10.2.jar;C:\Users\asingha007\.m2\repository\io\cucumber\cucumber-gherkin-messages\6.10.2\cucumber-gherkin-messages-6.10.2.jar;C:\Users\asingha007\.m2\repository\io\cucumber\messages\14.0.1\messages-14.0.1.jar;C:\Users\asingha007\.m2\repository\io\cucumber\tag-expressions\3.0.0\tag-expressions-3.0.0.jar;C:\Users\asingha007\.m2\repository\io\cucumber\cucumber-expressions\10.3.0\cucumber-expressions-10.3.0.jar;C:\Users\asingha007\.m2\repository\io\cucumber\datatable\3.5.0\datatable-3.5.0.jar;C:\Users\asingha007\.m2\repository\io\cucumber\cucumber-plugin\6.10.2\cucumber-plugin-6.10.2.jar;C:\Users\asingha007\.m2\repository\io\cucumber\docstring\6.10.2\docstring-6.10.2.jar;C:\Users\asingha007\.m2\repository\io\cucumber\html-formatter\12.0.0\html-formatter-12.0.0.jar;C:\Users\asingha007\.m2\repository\io\cucumber\create-meta\3.0.0\create-meta-3.0.0.jar;C:\Users\asingha007\.m2\repository\org\apiguardian\apiguardian-api\1.1.1\apiguardian-api-1.1.1.jar;C:\Users\asingha007\.m2\repository\io\cucumber\cucumber-junit\6.10.2\cucumber-junit-6.10.2.jar;C:\Users\asingha007\.m2\repository\junit\junit\4.13.2\junit-4.13.2.jar;C:\Users\asingha007\.m2\repository\org\hamcrest\hamcrest-core\1.3\hamcrest-core-1.3.jar;C:\Users\asingha007\.m2\repository\org\seleniumhq\selenium\selenium-java\3.141.59\selenium-java-3.141.59.jar;C:\Users\asingha007\.m2\repository\org\seleniumhq\selenium\selenium-api\3.141.59\selenium-api-3.141.59.jar;C:\Users\asingha007\.m2\repository\org\seleniumhq\selenium\selenium-chrome-driver\3.141.59\selenium-chrome-driver-3.141.59.jar;C:\Users\asingha007\.m2\repository\org\seleniumhq\selenium\selenium-edge-driver\3.141.59\selenium-edge-driver-3.141.59.jar;C:\Users\asingha007\.m2\repository\org\seleniumhq\selenium\selenium-firefox-driver\3.141.59\selenium-firefox-driver-3.141.59.jar;C:\Users\asingha007\.m2\repository\org\seleniumhq\selenium\selenium-ie-driver\3.141.59\selenium-ie-driver-3.141.59.jar;C:\Users\asingha007\.m2\repository\org\seleniumhq\selenium\selenium-opera-driver\3.141.59\selenium-opera-driver-3.141.59.jar;C:\Users\asingha007\.m2\repository\org\seleniumhq\selenium\selenium-remote-driver\3.141.59\selenium-remote-driver-3.141.59.jar;C:\Users\asingha007\.m2\repository\org\seleniumhq\selenium\selenium-safari-driver\3.141.59\selenium-safari-driver-3.141.59.jar;C:\Users\asingha007\.m2\repository\org\seleniumhq\selenium\selenium-support\3.141.59\selenium-support-3.141.59.jar;C:\Users\asingha007\.m2\repository\net\bytebuddy\byte-buddy\1.8.15\byte-buddy-1.8.15.jar;C:\Users\asingha007\.m2\repository\org\apache\commons\commons-exec\1.3\commons-exec-1.3.jar;C:\Users\asingha007\.m2\repository\com\google\guava\guava\25.0-jre\guava-25.0-jre.jar;C:\Users\asingha007\.m2\repository\com\google\code\findbugs\jsr305\1.3.9\jsr305-1.3.9.jar;C:\Users\asingha007\.m2\repository\org\checkerframework\checker-compat-qual\2.0.0\checker-compat-qual-2.0.0.jar;C:\Users\asingha007\.m2\repository\com\google\errorprone\error_prone_annotations\2.1.3\error_prone_annotations-2.1.3.jar;C:\Users\asingha007\.m2\repository\com\google\j2objc\j2objc-annotations\1.1\j2objc-annotations-1.1.jar;C:\Users\asingha007\.m2\repository\org\codehaus\mojo\animal-sniffer-annotations\1.14\animal-sniffer-annotations-1.14.jar;C:\Users\asingha007\.m2\repository\com\squareup\okhttp3\okhttp\3.11.0\okhttp-3.11.0.jar;C:\Users\asingha007\.m2\repository\com\squareup\okio\okio\1.14.0\okio-1.14.0.jar;C:\Users\asingha007\.m2\repository\io\github\bonigarcia\webdrivermanager\4.2.2\webdrivermanager-4.2.2.jar;C:\Users\asingha007\.m2\repository\org\slf4j\slf4j-api\1.7.30\slf4j-api-1.7.30.jar;C:\Users\asingha007\.m2\repository\commons-io\commons-io\2.8.0\commons-io-2.8.0.jar;C:\Users\asingha007\.m2\repository\com\google\code\gson\gson\2.8.6\gson-2.8.6.jar;C:\Users\asingha007\.m2\repository\org\apache\commons\commons-lang3\3.11\commons-lang3-3.11.jar;C:\Users\asingha007\.m2\repository\org\apache\httpcomponents\client5\httpclient5\5.0.1\httpclient5-5.0.1.jar;C:\Users\asingha007\.m2\repository\org\apache\httpcomponents\core5\httpcore5\5.0.1\httpcore5-5.0.1.jar;C:\Users\asingha007\.m2\repository\org\apache\httpcomponents\core5\httpcore5-h2\5.0.1\httpcore5-h2-5.0.1.jar;C:\Users\asingha007\.m2\repository\org\rauschig\jarchivelib\1.1.0\jarchivelib-1.1.0.jar;C:\Users\asingha007\.m2\repository\org\jsoup\jsoup\1.13.1\jsoup-1.13.1.jar;C:\Users\asingha007\.m2\repository\tech\grasshopper\extentreports-cucumber6-adapter\2.7.0\extentreports-cucumber6-adapter-2.7.0.jar;C:\Users\asingha007\.m2\repository\com\aventstack\extentreports\5.0.5\extentreports-5.0.5.jar;C:\Users\asingha007\.m2\repository\io\reactivex\rxjava3\rxjava\3.0.4\rxjava-3.0.4.jar;C:\Users\asingha007\.m2\repository\org\reactivestreams\reactive-streams\1.0.3\reactive-streams-1.0.3.jar;C:\Users\asingha007\.m2\repository\org\freemarker\freemarker\2.3.30\freemarker-2.3.30.jar;C:\Users\asingha007\.m2\repository\org\projectlombok\lombok\1.18.12\lombok-1.18.12.jar;C:\Users\asingha007\.m2\repository\tech\grasshopper\extent-pdf-report\1.6.0\extent-pdf-report-1.6.0.jar;C:\Users\asingha007\.m2\repository\tech\grasshopper\cucumber-pdf-report\2.1.0\cucumber-pdf-report-2.1.0.jar;C:\Users\asingha007\.m2\repository\org\knowm\xchart\xchart\3.8.0\xchart-3.8.0.jar;C:\Users\asingha007\.m2\repository\de\erichseifert\vectorgraphics2d\VectorGraphics2D\0.13\VectorGraphics2D-0.13.jar;C:\Users\asingha007\.m2\repository\de\rototor\pdfbox\graphics2d\0.30\graphics2d-0.30.jar;C:\Users\asingha007\.m2\repository\com\madgag\animated-gif-lib\1.4\animated-gif-lib-1.4.jar;C:\Users\asingha007\.m2\repository\com\github\vandeseer\easytable\0.8.2\easytable-0.8.2.jar;C:\Users\asingha007\.m2\repository\org\yaml\snakeyaml\1.28\snakeyaml-1.28.jar;C:\Users\asingha007\.m2\repository\com\aventstack\klov-reporter\5.0.5\klov-reporter-5.0.5.jar;C:\Users\asingha007\.m2\repository\org\mongodb\bson\3.6.4\bson-3.6.4.jar;C:\Users\asingha007\.m2\repository\org\apache\httpcomponents\httpclient\4.5.2\httpclient-4.5.2.jar;C:\Users\asingha007\.m2\repository\org\apache\httpcomponents\httpcore\4.4.4\httpcore-4.4.4.jar;C:\Users\asingha007\.m2\repository\org\apache\httpcomponents\httpmime\4.5.2\httpmime-4.5.2.jar;C:\Users\asingha007\.m2\repository\org\mongodb\mongodb-driver\3.3.0\mongodb-driver-3.3.0.jar;C:\Users\asingha007\.m2\repository\org\mongodb\mongodb-driver-core\3.3.0\mongodb-driver-core-3.3.0.jar;C:\Users\asingha007\.m2\repository\org\apache\poi\poi\4.1.2\poi-4.1.2.jar;C:\Users\asingha007\.m2\repository\commons-codec\commons-codec\1.13\commons-codec-1.13.jar;C:\Users\asingha007\.m2\repository\org\apache\commons\commons-collections4\4.4\commons-collections4-4.4.jar;C:\Users\asingha007\.m2\repository\org\apache\commons\commons-math3\3.6.1\commons-math3-3.6.1.jar;C:\Users\asingha007\.m2\repository\com\zaxxer\SparseBitSet\1.2\SparseBitSet-1.2.jar;C:\Users\asingha007\.m2\repository\org\apache\poi\poi-ooxml\4.1.2\poi-ooxml-4.1.2.jar;C:\Users\asingha007\.m2\repository\org\apache\poi\poi-ooxml-schemas\4.1.2\poi-ooxml-schemas-4.1.2.jar;C:\Users\asingha007\.m2\repository\org\apache\xmlbeans\xmlbeans\3.1.0\xmlbeans-3.1.0.jar;C:\Users\asingha007\.m2\repository\org\apache\commons\commons-compress\1.19\commons-compress-1.19.jar;C:\Users\asingha007\.m2\repository\com\github\virtuald\curvesapi\1.06\curvesapi-1.06.jar;C:\Users\asingha007\.m2\repository\com\github\ralfstuckert\pdfbox-layout\pdfbox2-layout\0.8.6\pdfbox2-layout-0.8.6.jar;C:\Users\asingha007\.m2\repository\org\apache\pdfbox\pdfbox\2.0.4\pdfbox-2.0.4.jar;C:\Users\asingha007\.m2\repository\org\apache\pdfbox\fontbox\2.0.4\fontbox-2.0.4.jar;C:\Users\asingha007\.m2\repository\commons-logging\commons-logging\1.2\commons-logging-1.2.jar;"/>
    <property name="java.vm.vendor" value="Azul Systems, Inc."/>
    <property name="sun.arch.data.model" value="64"/>
    <property name="user.variant" value=""/>
    <property name="java.vendor.url" value="http://www.azulsystems.com/"/>
    <property name="user.timezone" value="Asia/Calcutta"/>
    <property name="java.vm.specification.version" value="1.8"/>
    <property name="os.name" value="Windows 10"/>
    <property name="user.country" value="US"/>
    <property name="sun.java.launcher" value="SUN_STANDARD"/>
    <property name="sun.boot.library.path" value="C:\Program Files\Zulu\zulu-8\jre\bin"/>
    <property name="sun.java.command" value="C:\Users\asingha007\AppData\Local\Temp\surefire8704098006832380988\surefirebooter5681835578640491628.jar C:\Users\asingha007\AppData\Local\Temp\surefire8704098006832380988 2021-08-04T11-02-44_197-jvmRun1 surefire2012648832044689596tmp surefire_02083266239125402614tmp"/>
    <property name="surefire.test.class.path" value="C:\Automation\Practice\ANZProjectPOC\target\test-classes;C:\Automation\Practice\ANZProjectPOC\target\ANZProjectPOC-0.0.1-SNAPSHOT.jar;C:\Users\asingha007\.m2\repository\io\cucumber\cucumber-java\6.10.2\cucumber-java-6.10.2.jar;C:\Users\asingha007\.m2\repository\io\cucumber\cucumber-core\6.10.2\cucumber-core-6.10.2.jar;C:\Users\asingha007\.m2\repository\io\cucumber\cucumber-gherkin\6.10.2\cucumber-gherkin-6.10.2.jar;C:\Users\asingha007\.m2\repository\io\cucumber\cucumber-gherkin-messages\6.10.2\cucumber-gherkin-messages-6.10.2.jar;C:\Users\asingha007\.m2\repository\io\cucumber\messages\14.0.1\messages-14.0.1.jar;C:\Users\asingha007\.m2\repository\io\cucumber\tag-expressions\3.0.0\tag-expressions-3.0.0.jar;C:\Users\asingha007\.m2\repository\io\cucumber\cucumber-expressions\10.3.0\cucumber-expressions-10.3.0.jar;C:\Users\asingha007\.m2\repository\io\cucumber\datatable\3.5.0\datatable-3.5.0.jar;C:\Users\asingha007\.m2\repository\io\cucumber\cucumber-plugin\6.10.2\cucumber-plugin-6.10.2.jar;C:\Users\asingha007\.m2\repository\io\cucumber\docstring\6.10.2\docstring-6.10.2.jar;C:\Users\asingha007\.m2\repository\io\cucumber\html-formatter\12.0.0\html-formatter-12.0.0.jar;C:\Users\asingha007\.m2\repository\io\cucumber\create-meta\3.0.0\create-meta-3.0.0.jar;C:\Users\asingha007\.m2\repository\org\apiguardian\apiguardian-api\1.1.1\apiguardian-api-1.1.1.jar;C:\Users\asingha007\.m2\repository\io\cucumber\cucumber-junit\6.10.2\cucumber-junit-6.10.2.jar;C:\Users\asingha007\.m2\repository\junit\junit\4.13.2\junit-4.13.2.jar;C:\Users\asingha007\.m2\repository\org\hamcrest\hamcrest-core\1.3\hamcrest-core-1.3.jar;C:\Users\asingha007\.m2\repository\org\seleniumhq\selenium\selenium-java\3.141.59\selenium-java-3.141.59.jar;C:\Users\asingha007\.m2\repository\org\seleniumhq\selenium\selenium-api\3.141.59\selenium-api-3.141.59.jar;C:\Users\asingha007\.m2\repository\org\seleniumhq\selenium\selenium-chrome-driver\3.141.59\selenium-chrome-driver-3.141.59.jar;C:\Users\asingha007\.m2\repository\org\seleniumhq\selenium\selenium-edge-driver\3.141.59\selenium-edge-driver-3.141.59.jar;C:\Users\asingha007\.m2\repository\org\seleniumhq\selenium\selenium-firefox-driver\3.141.59\selenium-firefox-driver-3.141.59.jar;C:\Users\asingha007\.m2\repository\org\seleniumhq\selenium\selenium-ie-driver\3.141.59\selenium-ie-driver-3.141.59.jar;C:\Users\asingha007\.m2\repository\org\seleniumhq\selenium\selenium-opera-driver\3.141.59\selenium-opera-driver-3.141.59.jar;C:\Users\asingha007\.m2\repository\org\seleniumhq\selenium\selenium-remote-driver\3.141.59\selenium-remote-driver-3.141.59.jar;C:\Users\asingha007\.m2\repository\org\seleniumhq\selenium\selenium-safari-driver\3.141.59\selenium-safari-driver-3.141.59.jar;C:\Users\asingha007\.m2\repository\org\seleniumhq\selenium\selenium-support\3.141.59\selenium-support-3.141.59.jar;C:\Users\asingha007\.m2\repository\net\bytebuddy\byte-buddy\1.8.15\byte-buddy-1.8.15.jar;C:\Users\asingha007\.m2\repository\org\apache\commons\commons-exec\1.3\commons-exec-1.3.jar;C:\Users\asingha007\.m2\repository\com\google\guava\guava\25.0-jre\guava-25.0-jre.jar;C:\Users\asingha007\.m2\repository\com\google\code\findbugs\jsr305\1.3.9\jsr305-1.3.9.jar;C:\Users\asingha007\.m2\repository\org\checkerframework\checker-compat-qual\2.0.0\checker-compat-qual-2.0.0.jar;C:\Users\asingha007\.m2\repository\com\google\errorprone\error_prone_annotations\2.1.3\error_prone_annotations-2.1.3.jar;C:\Users\asingha007\.m2\repository\com\google\j2objc\j2objc-annotations\1.1\j2objc-annotations-1.1.jar;C:\Users\asingha007\.m2\repository\org\codehaus\mojo\animal-sniffer-annotations\1.14\animal-sniffer-annotations-1.14.jar;C:\Users\asingha007\.m2\repository\com\squareup\okhttp3\okhttp\3.11.0\okhttp-3.11.0.jar;C:\Users\asingha007\.m2\repository\com\squareup\okio\okio\1.14.0\okio-1.14.0.jar;C:\Users\asingha007\.m2\repository\io\github\bonigarcia\webdrivermanager\4.2.2\webdrivermanager-4.2.2.jar;C:\Users\asingha007\.m2\repository\org\slf4j\slf4j-api\1.7.30\slf4j-api-1.7.30.jar;C:\Users\asingha007\.m2\repository\commons-io\commons-io\2.8.0\commons-io-2.8.0.jar;C:\Users\asingha007\.m2\repository\com\google\code\gson\gson\2.8.6\gson-2.8.6.jar;C:\Users\asingha007\.m2\repository\org\apache\commons\commons-lang3\3.11\commons-lang3-3.11.jar;C:\Users\asingha007\.m2\repository\org\apache\httpcomponents\client5\httpclient5\5.0.1\httpclient5-5.0.1.jar;C:\Users\asingha007\.m2\repository\org\apache\httpcomponents\core5\httpcore5\5.0.1\httpcore5-5.0.1.jar;C:\Users\asingha007\.m2\repository\org\apache\httpcomponents\core5\httpcore5-h2\5.0.1\httpcore5-h2-5.0.1.jar;C:\Users\asingha007\.m2\repository\org\rauschig\jarchivelib\1.1.0\jarchivelib-1.1.0.jar;C:\Users\asingha007\.m2\repository\org\jsoup\jsoup\1.13.1\jsoup-1.13.1.jar;C:\Users\asingha007\.m2\repository\tech\grasshopper\extentreports-cucumber6-adapter\2.7.0\extentreports-cucumber6-adapter-2.7.0.jar;C:\Users\asingha007\.m2\repository\com\aventstack\extentreports\5.0.5\extentreports-5.0.5.jar;C:\Users\asingha007\.m2\repository\io\reactivex\rxjava3\rxjava\3.0.4\rxjava-3.0.4.jar;C:\Users\asingha007\.m2\repository\org\reactivestreams\reactive-streams\1.0.3\reactive-streams-1.0.3.jar;C:\Users\asingha007\.m2\repository\org\freemarker\freemarker\2.3.30\freemarker-2.3.30.jar;C:\Users\asingha007\.m2\repository\org\projectlombok\lombok\1.18.12\lombok-1.18.12.jar;C:\Users\asingha007\.m2\repository\tech\grasshopper\extent-pdf-report\1.6.0\extent-pdf-report-1.6.0.jar;C:\Users\asingha007\.m2\repository\tech\grasshopper\cucumber-pdf-report\2.1.0\cucumber-pdf-report-2.1.0.jar;C:\Users\asingha007\.m2\repository\org\knowm\xchart\xchart\3.8.0\xchart-3.8.0.jar;C:\Users\asingha007\.m2\repository\de\erichseifert\vectorgraphics2d\VectorGraphics2D\0.13\VectorGraphics2D-0.13.jar;C:\Users\asingha007\.m2\repository\de\rototor\pdfbox\graphics2d\0.30\graphics2d-0.30.jar;C:\Users\asingha007\.m2\repository\com\madgag\animated-gif-lib\1.4\animated-gif-lib-1.4.jar;C:\Users\asingha007\.m2\repository\com\github\vandeseer\easytable\0.8.2\easytable-0.8.2.jar;C:\Users\asingha007\.m2\repository\org\yaml\snakeyaml\1.28\snakeyaml-1.28.jar;C:\Users\asingha007\.m2\repository\com\aventstack\klov-reporter\5.0.5\klov-reporter-5.0.5.jar;C:\Users\asingha007\.m2\repository\org\mongodb\bson\3.6.4\bson-3.6.4.jar;C:\Users\asingha007\.m2\repository\org\apache\httpcomponents\httpclient\4.5.2\httpclient-4.5.2.jar;C:\Users\asingha007\.m2\repository\org\apache\httpcomponents\httpcore\4.4.4\httpcore-4.4.4.jar;C:\Users\asingha007\.m2\repository\org\apache\httpcomponents\httpmime\4.5.2\httpmime-4.5.2.jar;C:\Users\asingha007\.m2\repository\org\mongodb\mongodb-driver\3.3.0\mongodb-driver-3.3.0.jar;C:\Users\asingha007\.m2\repository\org\mongodb\mongodb-driver-core\3.3.0\mongodb-driver-core-3.3.0.jar;C:\Users\asingha007\.m2\repository\org\apache\poi\poi\4.1.2\poi-4.1.2.jar;C:\Users\asingha007\.m2\repository\commons-codec\commons-codec\1.13\commons-codec-1.13.jar;C:\Users\asingha007\.m2\repository\org\apache\commons\commons-collections4\4.4\commons-collections4-4.4.jar;C:\Users\asingha007\.m2\repository\org\apache\commons\commons-math3\3.6.1\commons-math3-3.6.1.jar;C:\Users\asingha007\.m2\repository\com\zaxxer\SparseBitSet\1.2\SparseBitSet-1.2.jar;C:\Users\asingha007\.m2\repository\org\apache\poi\poi-ooxml\4.1.2\poi-ooxml-4.1.2.jar;C:\Users\asingha007\.m2\repository\org\apache\poi\poi-ooxml-schemas\4.1.2\poi-ooxml-schemas-4.1.2.jar;C:\Users\asingha007\.m2\repository\org\apache\xmlbeans\xmlbeans\3.1.0\xmlbeans-3.1.0.jar;C:\Users\asingha007\.m2\repository\org\apache\commons\commons-compress\1.19\commons-compress-1.19.jar;C:\Users\asingha007\.m2\repository\com\github\virtuald\curvesapi\1.06\curvesapi-1.06.jar;C:\Users\asingha007\.m2\repository\com\github\ralfstuckert\pdfbox-layout\pdfbox2-layout\0.8.6\pdfbox2-layout-0.8.6.jar;C:\Users\asingha007\.m2\repository\org\apache\pdfbox\pdfbox\2.0.4\pdfbox-2.0.4.jar;C:\Users\asingha007\.m2\repository\org\apache\pdfbox\fontbox\2.0.4\fontbox-2.0.4.jar;C:\Users\asingha007\.m2\repository\commons-logging\commons-logging\1.2\commons-logging-1.2.jar;"/>
    <property name="sun.cpu.endian" value="little"/>
    <property name="user.home" value="C:\Users\asingha007"/>
    <property name="user.language" value="en"/>
    <property name="java.specification.vendor" value="Oracle Corporation"/>
    <property name="java.home" value="C:\Program Files\Zulu\zulu-8\jre"/>
    <property name="basedir" value="C:\Automation\Practice\ANZProjectPOC"/>
    <property name="file.separator" value="\"/>
    <property name="line.separator" value="&#10;"/>
    <property name="jdk.vendor.version" value="Zulu 8.48.0.53-CA-win64"/>
    <property name="java.vm.specification.vendor" value="Oracle Corporation"/>
    <property name="java.specification.name" value="Java Platform API Specification"/>
    <property name="java.awt.graphicsenv" value="sun.awt.Win32GraphicsEnvironment"/>
    <property name="surefire.real.class.path" value="C:\Users\asingha007\AppData\Local\Temp\surefire8704098006832380988\surefirebooter5681835578640491628.jar"/>
    <property name="sun.boot.class.path" value="C:\Program Files\Zulu\zulu-8\jre\lib\resources.jar;C:\Program Files\Zulu\zulu-8\jre\lib\rt.jar;C:\Program Files\Zulu\zulu-8\jre\lib\sunrsasign.jar;C:\Program Files\Zulu\zulu-8\jre\lib\jsse.jar;C:\Program Files\Zulu\zulu-8\jre\lib\jce.jar;C:\Program Files\Zulu\zulu-8\jre\lib\charsets.jar;C:\Program Files\Zulu\zulu-8\jre\lib\jfr.jar;C:\Program Files\Zulu\zulu-8\jre\classes"/>
    <property name="user.script" value=""/>
    <property name="sun.management.compiler" value="HotSpot 64-Bit Tiered Compilers"/>
    <property name="java.runtime.version" value="1.8.0_265-b11"/>
    <property name="user.name" value="asingha007"/>
    <property name="path.separator" value=";"/>
    <property name="os.version" value="10.0"/>
    <property name="java.endorsed.dirs" value="C:\Program Files\Zulu\zulu-8\jre\lib\endorsed"/>
    <property name="java.runtime.name" value="OpenJDK Runtime Environment"/>
    <property name="file.encoding" value="Cp1252"/>
    <property name="java.vm.name" value="OpenJDK 64-Bit Server VM"/>
    <property name="localRepository" value="C:\Users\asingha007\.m2\repository"/>
    <property name="java.vendor.url.bug" value="http://www.azulsystems.com/support/"/>
    <property name="java.io.tmpdir" value="C:\Users\ASINGH~1\AppData\Local\Temp\"/>
    <property name="java.version" value="1.8.0_265"/>
    <property name="user.dir" value="C:\Automation\Practice\ANZProjectPOC"/>
    <property name="os.arch" value="amd64"/>
    <property name="java.vm.specification.name" value="Java Virtual Machine Specification"/>
    <property name="java.awt.printerjob" value="sun.awt.windows.WPrinterJob"/>
    <property name="sun.os.patch.level" value=""/>
    <property name="java.library.path" value="C:\Program Files\Zulu\zulu-8\jre\bin;C:\WINDOWS\Sun\Java\bin;C:\WINDOWS\system32;C:\WINDOWS;C:\WINDOWS\system32;C:\WINDOWS;C:\WINDOWS\System32\Wbem;C:\WINDOWS\System32\WindowsPowerShell\v1.0\;C:\WINDOWS\System32\OpenSSH\;C:\Program Files (x86)\IBM\Notes\;C:\Program Files (x86)\ConfigMgr 2012 Toolkit R2\ClientTools;C:\Program Files (x86)\Sennheiser\SoftphoneSDK\;C:\Program Files\dotnet\;C:\Program Files\Zulu\zulu-8\bin\;C:\Program Files (x86)\Microsoft SQL Server\150\DTS\Binn\;C:\Program Files\Azure Data Studio\bin;C:\Program Files\Microsoft SQL Server\130\Tools\Binn\;C:\Program Files\Microsoft SQL Server\Client SDK\ODBC\170\Tools\Binn\;C:\Users\asingha007\AppData\Local\Microsoft\WindowsApps;C:\Program Files\Zulu\zulu-8\bin;C:\apache-maven-3.6.3\bin;C:\Users\asingha007\AppData\Local\Programs\Git\cmd;;C:\Users\asingha007\AppData\Local\Programs\Microsoft VS Code\bin;."/>
    <property name="java.vm.info" value="mixed mode"/>
    <property name="java.vendor" value="Azul Systems, Inc."/>
    <property name="java.vm.version" value="25.265-b11"/>
    <property name="java.ext.dirs" value="C:\Program Files\Zulu\zulu-8\jre\lib\ext;C:\WINDOWS\Sun\Java\lib\ext"/>
    <property name="sun.io.unicode.encoding" value="UnicodeLittle"/>
    <property name="java.class.version" value="52.0"/>
  </properties>
  <testcase name="Borrowing estimate of home loans in Calculator and tools page" classname="Calculator and tools page in Home loans Page Feature" time="34.383">
    <system-out><![CDATA[
Scenario Outline: Borrowing estimate of home loans in Calculator and tools page # src/test/resources/features/personal.feature:17
browser value is chrome
  Given user is on Calculator and tools page of Home loans page                 # stepDefinitions.HomeLoanCalculatorSteps.user_is_on_calculator_and_tools_page_of_home_loans_page()
  When user select Application Type as Single and Number of dependants as zero  # stepDefinitions.HomeLoanCalculatorSteps.user_select_application_type_single_and_number_of_dependants()
  And choose the Property to buy as home to live in                             # stepDefinitions.HomeLoanCalculatorSteps.choose_the_property_to_buy_as_home_to_live_in()
  When users enters Your income "80000" and Your other income "10000"           # stepDefinitions.HomeLoanCalculatorSteps.users_enters_your_income_and_your_other_income(java.lang.String,java.lang.String)
  When users enters Living expenses "500" and Current home loan repayments "0"  # stepDefinitions.HomeLoanCalculatorSteps.users_enters_living_expenses_and_current_home_loan_repayments(java.lang.String,java.lang.String)
  And enters Other loan repayments "100" and Other commitments "0"              # stepDefinitions.HomeLoanCalculatorSteps.enters_other_loan_repayments_and_other_commitments(java.lang.String,java.lang.String)
  And enters Total credit card limits "10000"                                   # stepDefinitions.HomeLoanCalculatorSteps.enters_total_credit_card_limits(java.lang.String)
  When users click on Work out how much I could borrow option                   # stepDefinitions.HomeLoanCalculatorSteps.users_click_on_work_out_how_much_i_could_borrow_option()
  Then calculator should display the borrowing estimate "$507,000"              # stepDefinitions.HomeLoanCalculatorSteps.calculator_should_display_the_borrowing_estimate_$(java.lang.String)
]]></system-out>
    <system-err><![CDATA[SLF4J: Failed to load class "org.slf4j.impl.StaticLoggerBinder".
SLF4J: Defaulting to no-operation (NOP) logger implementation
SLF4J: See http://www.slf4j.org/codes.html#StaticLoggerBinder for further details.
Starting ChromeDriver 92.0.4515.107 (87a818b10553a07434ea9e2b6dccf3cbe7895134-refs/branch-heads/4515@{#1634}) on port 46015
Only local connections are allowed.
Please see https://chromedriver.chromium.org/security-considerations for suggestions on keeping ChromeDriver safe.
ChromeDriver was started successfully.
Aug 04, 2021 11:02:51 AM org.openqa.selenium.remote.ProtocolHandshake createSession
INFO: Detected dialect: W3C
]]></system-err>
  </testcase>
  <testcase name="Clear the Form by clicking Start over button" classname="Calculator and tools page in Home loans Page Feature" time="45.887">
    <system-out><![CDATA[
Scenario Outline: Clear the Form by clicking Start over button                 # src/test/resources/features/personal.feature:37
browser value is chrome
  Given user is on Calculator and tools page of Home loans page                # stepDefinitions.HomeLoanCalculatorSteps.user_is_on_calculator_and_tools_page_of_home_loans_page()
  When user select Application Type as Single and Number of dependants as zero # stepDefinitions.HomeLoanCalculatorSteps.user_select_application_type_single_and_number_of_dependants()
  And choose the Property to buy as home to live in                            # stepDefinitions.HomeLoanCalculatorSteps.choose_the_property_to_buy_as_home_to_live_in()
  When users enters Your income "80000" and Your other income "10000"          # stepDefinitions.HomeLoanCalculatorSteps.users_enters_your_income_and_your_other_income(java.lang.String,java.lang.String)
  When users enters Living expenses "500" and Current home loan repayments "0" # stepDefinitions.HomeLoanCalculatorSteps.users_enters_living_expenses_and_current_home_loan_repayments(java.lang.String,java.lang.String)
  And enters Other loan repayments "100" and Other commitments "0"             # stepDefinitions.HomeLoanCalculatorSteps.enters_other_loan_repayments_and_other_commitments(java.lang.String,java.lang.String)
  And enters Total credit card limits "10000"                                  # stepDefinitions.HomeLoanCalculatorSteps.enters_total_credit_card_limits(java.lang.String)
  When users click on Work out how much I could borrow option                  # stepDefinitions.HomeLoanCalculatorSteps.users_click_on_work_out_how_much_i_could_borrow_option()
  And click on Start over button                                               # stepDefinitions.HomeLoanCalculatorSteps.user_click_on_start_over_button()
Your Income: 0
Your Other Income: 0
Living expenses: 0
Current home loan repayments: 0
Other loan repayments: 0
Other commitments: 0
Total credit card limits: 0
  Then Form should be clear                                                    # stepDefinitions.HomeLoanCalculatorSteps.form_should_be_clear()
]]></system-out>
    <system-err><![CDATA[Starting ChromeDriver 92.0.4515.107 (87a818b10553a07434ea9e2b6dccf3cbe7895134-refs/branch-heads/4515@{#1634}) on port 40539
Only local connections are allowed.
Please see https://chromedriver.chromium.org/security-considerations for suggestions on keeping ChromeDriver safe.
ChromeDriver was started successfully.
Aug 04, 2021 11:03:24 AM org.openqa.selenium.remote.ProtocolHandshake createSession
INFO: Detected dialect: W3C
]]></system-err>
  </testcase>
  <testcase name="Borrowing estimate of home loans when $1 for Living expenses and leaving all other fields as zero" classname="Calculator and tools page in Home loans Page Feature" time="47.703">
    <system-out><![CDATA[
Scenario Outline: Borrowing estimate of home loans when $1 for Living expenses and leaving all other fields as zero                                                                                            # src/test/resources/features/personal.feature:55
browser value is chrome
  Given user is on Calculator and tools page of Home loans page                                                                                                                                                # stepDefinitions.HomeLoanCalculatorSteps.user_is_on_calculator_and_tools_page_of_home_loans_page()
  When user select Application Type as Single and Number of dependants as zero                                                                                                                                 # stepDefinitions.HomeLoanCalculatorSteps.user_select_application_type_single_and_number_of_dependants()
  And choose the Property to buy as home to live in                                                                                                                                                            # stepDefinitions.HomeLoanCalculatorSteps.choose_the_property_to_buy_as_home_to_live_in()
  When users enters Your income "0" and Your other income "0"                                                                                                                                                  # stepDefinitions.HomeLoanCalculatorSteps.users_enters_your_income_and_your_other_income(java.lang.String,java.lang.String)
  When users enters Living expenses "1" and Current home loan repayments "0"                                                                                                                                   # stepDefinitions.HomeLoanCalculatorSteps.users_enters_living_expenses_and_current_home_loan_repayments(java.lang.String,java.lang.String)
  And enters Other loan repayments "0" and Other commitments "0"                                                                                                                                               # stepDefinitions.HomeLoanCalculatorSteps.enters_other_loan_repayments_and_other_commitments(java.lang.String,java.lang.String)
  And enters Total credit card limits "0"                                                                                                                                                                      # stepDefinitions.HomeLoanCalculatorSteps.enters_total_credit_card_limits(java.lang.String)
  When users clicks on Work out how much I could borrow option                                                                                                                                                 # stepDefinitions.HomeLoanCalculatorSteps.users_clicks_on_work_out_how_much_i_could_borrow_option()
  Then calculator should display the message "Based on the details you've entered, we're unable to give you an estimate of your borrowing power with this calculator. For questions, call us on 1800 100 641." # stepDefinitions.HomeLoanCalculatorSteps.calculator_should_display_the_message(java.lang.String)
]]></system-out>
    <system-err><![CDATA[Starting ChromeDriver 92.0.4515.107 (87a818b10553a07434ea9e2b6dccf3cbe7895134-refs/branch-heads/4515@{#1634}) on port 16901
Only local connections are allowed.
Please see https://chromedriver.chromium.org/security-considerations for suggestions on keeping ChromeDriver safe.
ChromeDriver was started successfully.
Aug 04, 2021 11:04:10 AM org.openqa.selenium.remote.ProtocolHandshake createSession
INFO: Detected dialect: W3C
]]></system-err>
  </testcase>
  <testcase name="" classname="testRunners.MyTestRunner" time="48.425">
    <error message="javax.net.ssl.SSLHandshakeException: PKIX path building failed: sun.security.provider.certpath.SunCertPathBuilderException: unable to find valid certification path to requested target" type="java.lang.RuntimeException"><![CDATA[java.lang.RuntimeException: javax.net.ssl.SSLHandshakeException: PKIX path building failed: sun.security.provider.certpath.SunCertPathBuilderException: unable to find valid certification path to requested target
Caused by: javax.net.ssl.SSLHandshakeException: PKIX path building failed: sun.security.provider.certpath.SunCertPathBuilderException: unable to find valid certification path to requested target
Caused by: javax.net.ssl.SSLHandshakeException: PKIX path building failed: sun.security.provider.certpath.SunCertPathBuilderException: unable to find valid certification path to requested target
Caused by: sun.security.validator.ValidatorException: PKIX path building failed: sun.security.provider.certpath.SunCertPathBuilderException: unable to find valid certification path to requested target
Caused by: sun.security.provider.certpath.SunCertPathBuilderException: unable to find valid certification path to requested target
]]></error>
  </testcase>
</testsuite>